### xeDebug started on node011.bosccluster.com, 06/19/2025 11:08:10.

#source /nfs/home/youkunlin/workspace/micro/Nut-Z/NutShell/difftest/scripts/palladium/run.tcl
XE> debug .
debug .
XE> host $env(PLDM_HOST)
host $env(PLDM_HOST)
INFO (legacy-0): Opening Reduced PDB...
INFO (legacy-39111): Opening PDB hdldb xcva_top (of=8).
INFO (legacy-0): 53523 critical net names have been restored: elapsed time 0 sec
INFO (legacy-0): strtab(segs and data) has been restored: elapsed time 0 sec
INFO (legacy-0): sigmap has been restored: elapsed time 0 sec
INFO (legacy-0): 1384 cells have been restored: elapsed time 0 sec
INFO (legacy-0): 332335 smTrNets have been restored: elapsed time 0 sec
INFO (legacy-0): 1 smTrPrims have been restored: elapsed time 0 sec
INFO (legacy-0): flat-conns have been restored: elapsed time 0 sec
INFO (legacy-0): 764029 synonyms have been setup: elapsed time 0 sec
INFO (legacy-0): smNetIDs have been setup: elapsed time 0 sec
INFO (legacy-0): CRT-FULL has been restored: elapsed time 0 sec
INFO (legacy-51751): Setting emulator to bjos_emu from host command. DBEngine host is node011.
INFO (legacy-51832): An InfiniBand connection was verified from host node011 to bjos_emu.
WARNING (legacy-52793): Can't check compatibility for configmgr 'V21.02.201.s005' with xeDebug '23.03.131.s001'.
INFO (legacy-131313): checkCfigmgrVersion: configmgr version='V21.02.201.s005' rel=21  major=2  minor=201
xrun -R -disxedebug -64bit +xcprof -profile -PROFTHREAD -sv_lib /nfs/home/youkunlin/workspace/micro/Nut-Z/NutShell/build/pldm-compile/libdpi_emu.so +diff=../../ready-to-run/riscv64-nemu-interpreter-so +workload=../../ready-to-run/microbench.bin -f tmp/sim.args 
INFO (legacy-51578): Opened xeConnect port 39157 on host node011 (172.18.20.11) for xeDebug process 2892908.
DBEngine - 23H1_VXE, V23.03.131.s001            

INFO (legacy-50842): Found engineering version: et6api is 2 days old.  It will expire in 82 days.
INFO (legacy-47055): Running in design directory: '/nfs/home/youkunlin/workspace/micro/Nut-Z/NutShell/build/pldm-compile'
TOOL:	xrun(64)	22.09-s009: Started on Jun 19, 2025 at 11:08:13 CST
xrun(64): 22.09-s009: (c) Copyright 1995-2023 Cadence Design Systems, Inc.
Loading snapshot xc_ncwork.tb_top:module .................... Done
*Verdi* Loading libsscore_xcelium171.so
Log started on host: node011.bosccluster.com pid: 2893710 at: Thu Jun 19 11:08:14 2025

libxcrt IXCOM, V22.04.225.s003             
xcelium> source /nfs/tools/Cadence/IXCOM22.04.s003/tools.lnx86/etc/ixcom/xc.tcl
xcelium> source /nfs/tools/Cadence/VXE23.03.s001/tools.lnx86/etc/qel/xmrun.qel

XEsim> xc on -zt0 -xt0 -tbrun
xc on -zt0 -xt0 -tbrun
INFO (legacy-44626): PXP_Z1: Acquired 'Palladium_Z1_Domain' license, version '23.0'.
INFO (legacy-50779): Download Info: boards 4.4-4.7 
INFO: Configmgr IP Address 172.18.68.189 found on Network Interface eno8303
Configuring UA
--- HW execs config in 12.28 sec
XEin> date
date
Thu Jun 19 11:08:27 CST 2025
XEin> run -swap
run -swap
ram image:../../ready-to-run/microbench.bin
diff-test ref so:../../ready-to-run/riscv64-nemu-interpreter-so
tb_top.sim.mem.rdata_mem.helper_0: load       27176 bytes from ../../ready-to-run/microbench.bin.
Starting swap into the emulator.
Finished swap into the emulator.
--- Using XCELIUM SIGPROF CallBack for profiling ----
--- HW execs swapin in 1.63 sec
--- xc tbrun: current sim time = 0 FS
Memory Usage - Current physical: 866.9M, Current virtual: 5642.0M
CPU Usage - 0.3s system + 0.9s user = 1.1s total (7.2% cpu)
Simulation stopped via $stop(2) at time 0 FS + 24
XErun> run
run
simv compiled at Mar 29 2025, 13:23:34
Using simulated 8192MB RAM
The image is ../../ready-to-run/microbench.bin
Using simulated 32768B flash
The reference model is ../../ready-to-run/riscv64-nemu-interpreter-so
The first instruction of core 0 has commited. Difftest enabled. 
nemu does not enable flash fetch!
======= Running MicroBench [input *test*] =======
[qsort] Quick sort: * Passed.
[queen] Queen placement: * Passed.
[bf] Brainf**k interpreter: * Passed.
[fib] Fibonacci number: * Passed.
[sieve] Eratosthenes sieve: * Passed.
[15pz] A* 15-puzzle search: * Passed.
[dinic] Dinic's maxflow algorithm: * Passed.
[lzip] Lzip compression: * Passed.
[ssort] Suffix sort: * Passed.
[md5] MD5 digest: * Passed.
==================================================
MicroBench PASS
Total time: 0 ms
Core 0: [32mHIT GOOD TRAP at pc = 0x80004638
[0m[35mCore-0 instrCnt = 783387, cycleCnt = 1512377, IPC = 0.517984
[0m==================== Difftest PerfCnt ====================
Run time: 110 s 668 ms
Simulation speed: 13.67 KHz
                     DPIC_FUNC      DPIC_CALLS      DPIC_CALLS/s       DPIC_BYTES       DPIC_BYTES/s
>>> DiffState Func
    v_difftest_ArchIntRegState          783388            7078/s       201330716B         1819231B/s
           v_difftest_CSRState          783388            7078/s       113591260B         1026414B/s
          v_difftest_ArchEvent               0               0/s               0B               0B/s
          v_difftest_TrapEvent         1512378           13665/s        49908474B          450974B/s
        v_difftest_InstrCommit          783388            7078/s        20368088B          184046B/s
         v_difftest_CommitData          783388            7078/s       108107544B          976863B/s
                 DIFFSTATE_SUM         4645930           41980/s       493306082B         4457531B/s
>>> Other Difftest Func
                    simv_nstep         1512378           13665/s         1512378B           13665B/s
             difftest_ram_read               0               0/s               0B               0B/s
            difftest_ram_write               0               0/s               0B               0B/s
                    flash_read               0               0/s               0B               0B/s
                   sd_set_addr               0               0/s               0B               0B/s
                       sd_read               0               0/s               0B               0B/s
                     jtag_tick               0               0/s               0B               0B/s
                     put_pixel               0               0/s               0B               0B/s
                     vmem_sync               0               0/s               0B               0B/s
                    pte_helper               0               0/s               0B               0B/s
                    amo_helper               0               0/s               0B               0B/s
======== PerfCnt =========
             1512377 <- Mcycle
              783387 <- Minstret
                   0 <- MultiCommit
               68335 <- MimemStall
              422261 <- MaluInstr
              186744 <- MbruInstr
              171382 <- MlsuInstr
                3001 <- MmduInstr
                   0 <- McsrInstr
              121535 <- MloadInstr
                   0 <- MmmioInstr
                2277 <- MmulInstr
               29880 <- MifuFlush
              122913 <- MbpBRight
                5853 <- MbpBWrong
               21061 <- MbpJRight
                 349 <- MbpJWrong
                8770 <- MbpIRight
               23480 <- MbpIWrong
                4120 <- MbpRRight
                 198 <- MbpRWrong
                   0 <- Custom1
                2478 <- Custom2
                   0 <- Custom3
                   0 <- Custom4
                   0 <- Custom5
                3375 <- Custom6
                   0 <- Custom7
                   0 <- Custom8
                2050 <- MrawStall
              513693 <- MexuBusy
              250079 <- MloadStall
              147153 <- MstoreStall
              840543 <- ISUIssue
======== PerfCntCSV =========

Mcycle, Minstret, MultiCommit, MimemStall, MaluInstr, MbruInstr, MlsuInstr, MmduInstr, McsrInstr, MloadInstr, MmmioInstr, MmulInstr, MifuFlush, MbpBRight, MbpBWrong, MbpJRight, MbpJWrong, MbpIRight, MbpIWrong, MbpRRight, MbpRWrong, Custom1, Custom2, Custom3, Custom4, Custom5, Custom6, Custom7, Custom8, MrawStall, MexuBusy, MloadStall, MstoreStall, ISUIssue, 


             1512377,               783387,                    0,                68335,               422261,               186744,               171382,                 3001,                    0,               121535,                    0,                 2277,                29880,               122913,                 5853,                21061,                  349,                 8770,                23480,                 4120,                  198,                    0,                 2478,                    0,                    0,                    0,                 3375,                    0,                    0,                 2050,               513693,               250079,               147153,               840543, 


DIFFTEST WORKLOAD DONE at cycle              1512379
--- HW execs 1512481 tbcall syncs
--- HW execs 6158423 memory read 1512379 write
--- HW execs 3024961 evals 0 bevals 7562406 cfclks 1512481 tbsyncs 233994363 fclks in 110.85 sec (36.65 us/eval; 27288.48 eval/sec; 109.99 CPU sec)
--- HW execs emulator busy 3.58 sec (3.23%)
--- HW execs 607 gfifo-wait evals (0 gbfull, 0 lbfull, 607 gftbsync) in 0.00 sec (0.00% total, 0.01% emu)
--- HW execs 1512482 output events
--- HW execs emulator command line session time 111.00 sec (109.99 CPU sec)
--- xc Profile: (%)
	    50.45          SW-SIM (Elapsed: 55.93 sec)
	                    |----  MARG (92.10 %, 51.51 sec)

	    48.84    HW-EMU-TBRUN (Elapsed: 54.14 sec)

	     0.29         DEPOSIT (Elapsed: 0.33 sec)
	     0.23          DECODE (Elapsed: 0.25 sec)
	     0.19         XCRT-OH (Elapsed: 0.21 sec)



Log end: Thu Jun 19 11:10:20 2025

--- HW execs Memory read with Infiniband 7671417 times, transferred 740812916 bytes in 41.2371 sec (17.965 MB/sec)
--- HW execs Memory write with Infiniband 1512392 times, transferred 7788680 bytes in 14.1707 sec (0.550 MB/sec)
--- HW execs Memory read with DBEngine 0 times
--- HW execs Memory write with DBEngine 0 times
--- HW execs Memory access during Swap-In 13 times, transferred 1739164 bytes in 0.0045 sec (390.648 MB/sec)
--- HW execs Memory access during Swap-Out 0 times
Simulation complete via $finish(1) at time 3024961 NS + 1
./xc_work/v/122n.sv:300  $finish;
XErun> exit
exit
TOOL:	xrun(64)	22.09-s009: Exiting on Jun 19, 2025 at 11:10:20 CST  (total: 00:02:07)
INFO (legacy-44635): Checking in all checked-out licenses.
INFO (legacy-44635): PXP_Z1: Checking in 'Palladium_Z1_Domain' license.
